# JRE version: OpenJDK Runtime Environment (8.0_242-b01) (build 1.8.0_242-release-1644-b01)
# Java VM: OpenJDK 64-Bit Server VM (25.242-b01 mixed mode windows-amd64 compressed oops)
Heap:
 PSYoungGen      total 495104K, used 262894K [0x0000000760000000, 0x0000000786500000, 0x00000007c0000000)
  eden space 409600K, 43% used [0x0000000760000000,0x000000076ad3e990,0x0000000779000000)
  from space 85504K, 99% used [0x0000000781180000,0x00000007864fd0c8,0x0000000786500000)
  to   space 83968K, 0% used [0x0000000779000000,0x0000000779000000,0x000000077e200000)
 ParOldGen       total 226304K, used 87913K [0x00000006a0000000, 0x00000006add00000, 0x0000000760000000)
  object space 226304K, 38% used [0x00000006a0000000,0x00000006a55da5f0,0x00000006add00000)
 Metaspace       used 105350K, capacity 110219K, committed 110484K, reserved 1144832K
  class space    used 13714K, capacity 14709K, committed 14780K, reserved 1048576K
GC Heap History (10 events):
Event: 7805.815 GC heap before
{Heap before GC invocations=24 (full 4):
 PSYoungGen      total 378880K, used 347469K [0x0000000760000000, 0x000000077e780000, 0x00000007c0000000)
  eden space 313344K, 100% used [0x0000000760000000,0x0000000773200000,0x0000000773200000)
  from space 65536K, 52% used [0x0000000773200000,0x0000000775353658,0x0000000777200000)
  to   space 64000K, 0% used [0x000000077a900000,0x000000077a900000,0x000000077e780000)
 ParOldGen       total 226304K, used 58350K [0x00000006a0000000, 0x00000006add00000, 0x0000000760000000)
  object space 226304K, 25% used [0x00000006a0000000,0x00000006a38fb800,0x00000006add00000)
 Metaspace       used 100665K, capacity 104767K, committed 106900K, reserved 1142784K
  class space    used 13200K, capacity 14064K, committed 14524K, reserved 1048576K
Event: 7805.923 GC heap after
Heap after GC invocations=24 (full 4):
 PSYoungGen      total 427008K, used 37069K [0x0000000760000000, 0x000000077e380000, 0x00000007c0000000)
  eden space 367104K, 0% used [0x0000000760000000,0x0000000760000000,0x0000000776680000)
  from space 59904K, 61% used [0x000000077a900000,0x000000077cd33440,0x000000077e380000)
  to   space 64000K, 0% used [0x0000000776680000,0x0000000776680000,0x000000077a500000)
 ParOldGen       total 226304K, used 58358K [0x00000006a0000000, 0x00000006add00000, 0x0000000760000000)
  object space 226304K, 25% used [0x00000006a0000000,0x00000006a38fd800,0x00000006add00000)
 Metaspace       used 100665K, capacity 104767K, committed 106900K, reserved 1142784K
  class space    used 13200K, capacity 14064K, committed 14524K, reserved 1048576K
}
Event: 8060.903 GC heap before
{Heap before GC invocations=25 (full 4):
 PSYoungGen      total 427008K, used 404173K [0x0000000760000000, 0x000000077e380000, 0x00000007c0000000)
  eden space 367104K, 100% used [0x0000000760000000,0x0000000776680000,0x0000000776680000)
  from space 59904K, 61% used [0x000000077a900000,0x000000077cd33440,0x000000077e380000)
  to   space 64000K, 0% used [0x0000000776680000,0x0000000776680000,0x000000077a500000)
 ParOldGen       total 226304K, used 58358K [0x00000006a0000000, 0x00000006add00000, 0x0000000760000000)
  object space 226304K, 25% used [0x00000006a0000000,0x00000006a38fd800,0x00000006add00000)
 Metaspace       used 103221K, capacity 107777K, committed 108692K, reserved 1142784K
  class space    used 13570K, capacity 14538K, committed 14780K, reserved 1048576K
Event: 8060.954 GC heap after
Heap after GC invocations=25 (full 4):
 PSYoungGen      total 431104K, used 63983K [0x0000000760000000, 0x0000000782a00000, 0x00000007c0000000)
  eden space 367104K, 0% used [0x0000000760000000,0x0000000760000000,0x0000000776680000)
  from space 64000K, 99% used [0x0000000776680000,0x000000077a4fbd18,0x000000077a500000)
  to   space 73728K, 0% used [0x000000077e200000,0x000000077e200000,0x0000000782a00000)
 ParOldGen       total 226304K, used 58596K [0x00000006a0000000, 0x00000006add00000, 0x0000000760000000)
  object space 226304K, 25% used [0x00000006a0000000,0x00000006a39392f0,0x00000006add00000)
 Metaspace       used 103221K, capacity 107777K, committed 108692K, reserved 1142784K
  class space    used 13570K, capacity 14538K, committed 14780K, reserved 1048576K
}
Event: 8065.498 GC heap before
{Heap before GC invocations=26 (full 4):
 PSYoungGen      total 431104K, used 431087K [0x0000000760000000, 0x0000000782a00000, 0x00000007c0000000)
  eden space 367104K, 100% used [0x0000000760000000,0x0000000776680000,0x0000000776680000)
  from space 64000K, 99% used [0x0000000776680000,0x000000077a4fbd18,0x000000077a500000)
  to   space 73728K, 0% used [0x000000077e200000,0x000000077e200000,0x0000000782a00000)
 ParOldGen       total 226304K, used 58596K [0x00000006a0000000, 0x00000006add00000, 0x0000000760000000)
  object space 226304K, 25% used [0x00000006a0000000,0x00000006a39392f0,0x00000006add00000)
 Metaspace       used 104195K, capacity 108839K, committed 109716K, reserved 1144832K
  class space    used 13635K, capacity 14581K, committed 14780K, reserved 1048576K
Event: 8065.559 GC heap after
Heap after GC invocations=26 (full 4):
 PSYoungGen      total 483328K, used 71298K [0x0000000760000000, 0x0000000783b80000, 0x00000007c0000000)
  eden space 409600K, 0% used [0x0000000760000000,0x0000000760000000,0x0000000779000000)
  from space 73728K, 96% used [0x000000077e200000,0x00000007827a0b38,0x0000000782a00000)
  to   space 83968K, 0% used [0x0000000779000000,0x0000000779000000,0x000000077e200000)
 ParOldGen       total 226304K, used 58604K [0x00000006a0000000, 0x00000006add00000, 0x0000000760000000)
  object space 226304K, 25% used [0x00000006a0000000,0x00000006a393b2f0,0x00000006add00000)
 Metaspace       used 104195K, capacity 108839K, committed 109716K, reserved 1144832K
  class space    used 13635K, capacity 14581K, committed 14780K, reserved 1048576K
}
Event: 8094.879 GC heap before
{Heap before GC invocations=27 (full 4):
 PSYoungGen      total 483328K, used 480898K [0x0000000760000000, 0x0000000783b80000, 0x00000007c0000000)
  eden space 409600K, 100% used [0x0000000760000000,0x0000000779000000,0x0000000779000000)
  from space 73728K, 96% used [0x000000077e200000,0x00000007827a0b38,0x0000000782a00000)
  to   space 83968K, 0% used [0x0000000779000000,0x0000000779000000,0x000000077e200000)
 ParOldGen       total 226304K, used 58604K [0x00000006a0000000, 0x00000006add00000, 0x0000000760000000)
  object space 226304K, 25% used [0x00000006a0000000,0x00000006a393b2f0,0x00000006add00000)
 Metaspace       used 104730K, capacity 109503K, committed 109972K, reserved 1144832K
  class space    used 13678K, capacity 14647K, committed 14780K, reserved 1048576K
Event: 8094.941 GC heap after
Heap after GC invocations=27 (full 4):
 PSYoungGen      total 493568K, used 52989K [0x0000000760000000, 0x0000000786500000, 0x00000007c0000000)
  eden space 409600K, 0% used [0x0000000760000000,0x0000000760000000,0x0000000779000000)
  from space 83968K, 63% used [0x0000000779000000,0x000000077c3bf5a0,0x000000077e200000)
  to   space 85504K, 0% used [0x0000000781180000,0x0000000781180000,0x0000000786500000)
 ParOldGen       total 226304K, used 58612K [0x00000006a0000000, 0x00000006add00000, 0x0000000760000000)
  object space 226304K, 25% used [0x00000006a0000000,0x00000006a393d2f0,0x00000006add00000)
 Metaspace       used 104730K, capacity 109503K, committed 109972K, reserved 1144832K
  class space    used 13678K, capacity 14647K, committed 14780K, reserved 1048576K
}
Event: 8098.248 GC heap before
{Heap before GC invocations=28 (full 4):
 PSYoungGen      total 493568K, used 460904K [0x0000000760000000, 0x0000000786500000, 0x00000007c0000000)
  eden space 409600K, 99% used [0x0000000760000000,0x0000000778e5ac68,0x0000000779000000)
  from space 83968K, 63% used [0x0000000779000000,0x000000077c3bf5a0,0x000000077e200000)
  to   space 85504K, 0% used [0x0000000781180000,0x0000000781180000,0x0000000786500000)
 ParOldGen       total 226304K, used 58612K [0x00000006a0000000, 0x00000006add00000, 0x0000000760000000)
  object space 226304K, 25% used [0x00000006a0000000,0x00000006a393d2f0,0x00000006add00000)
 Metaspace       used 105178K, capacity 110003K, committed 110484K, reserved 1144832K
  class space    used 13700K, capacity 14695K, committed 14780K, reserved 1048576K
Event: 8098.367 GC heap after
Heap after GC invocations=28 (full 4):
 PSYoungGen      total 495104K, used 85492K [0x0000000760000000, 0x0000000786500000, 0x00000007c0000000)
  eden space 409600K, 0% used [0x0000000760000000,0x0000000760000000,0x0000000779000000)
  from space 85504K, 99% used [0x0000000781180000,0x00000007864fd0c8,0x0000000786500000)
  to   space 83968K, 0% used [0x0000000779000000,0x0000000779000000,0x000000077e200000)
 ParOldGen       total 226304K, used 87913K [0x00000006a0000000, 0x00000006add00000, 0x0000000760000000)
  object space 226304K, 38% used [0x00000006a0000000,0x00000006a55da5f0,0x00000006add00000)
 Metaspace       used 105178K, capacity 110003K, committed 110484K, reserved 1144832K
  class space    used 13700K, capacity 14695K, committed 14780K, reserved 1048576K
}

